<?xml version="1.0" encoding="UTF-8"?>
<!-- Generated by org.testng.reporters.JUnitXMLReporter -->
<testsuite ignored="2" hostname="LAPTOP-TSICOJ5G" failures="0" tests="7" name="Test" time="13.961" errors="0" timestamp="2023-02-14T19:19:44 IST">
  <testcase classname="test.LoginTest" name="verifyBuildTitleName" time="0.059"/>
  <testcase classname="test.LoginTest" name="verifyTitleOfLoginPage" time="0.297"/>
  <testcase classname="test.LoginTest" name="verifyCurrentUrlOfPage" time="0.008"/>
  <testcase classname="test.LoginTest" name="verifyLoginWithCorrectCredentials" time="2.096"/>
  <testcase classname="test.PIMTest" name="verifyPimPageTitle" time="2.102"/>
  <testcase classname="test.PIMTest" name="verifyEmpSearchEmpId" time="0.131"/>
  <testcase classname="test.PIMTest" name="TestIngChanges" time="0.0"/>
  <testcase classname="test.BaseTest" name="@AfterSuite logoutUser" time="0.0">
    <ignored/>
  </testcase> <!-- @AfterSuite logoutUser -->
  <testcase classname="test.BaseTest" name="@BeforeSuite initBrowser" time="0.0">
    <ignored/>
  </testcase> <!-- @BeforeSuite initBrowser -->
</testsuite> <!-- Test -->
