<?xml version="1.0" encoding="UTF-8"?>
<!-- Generated by org.testng.reporters.JUnitXMLReporter -->
<testsuite ignored="2" hostname="LAPTOP-TSICOJ5G" failures="0" tests="7" name="Test" time="13.464" errors="0" timestamp="2023-02-14T19:21:54 IST">
  <testcase classname="test.LoginTest" name="verifyBuildTitleName" time="0.009"/>
  <testcase classname="test.LoginTest" name="verifyTitleOfLoginPage" time="0.328"/>
  <testcase classname="test.LoginTest" name="verifyCurrentUrlOfPage" time="0.007"/>
  <testcase classname="test.LoginTest" name="verifyLoginWithCorrectCredentials" time="2.217"/>
  <testcase classname="test.PIMTest" name="verifyPimPageTitle" time="1.975"/>
  <testcase classname="test.PIMTest" name="verifyEmpSearchEmpId" time="0.125"/>
  <testcase classname="test.PIMTest" name="TestIngChanges" time="0.001"/>
  <testcase classname="test.BaseTest" name="@AfterSuite logoutUser" time="0.0">
    <ignored/>
  </testcase> <!-- @AfterSuite logoutUser -->
  <testcase classname="test.BaseTest" name="@BeforeSuite initBrowser" time="0.0">
    <ignored/>
  </testcase> <!-- @BeforeSuite initBrowser -->
</testsuite> <!-- Test -->
